<?xml version="1.0" encoding="UTF-8"?>
<testsuite xmlns:xsi="http://www.w3.org/2001/XMLSchema-instance" xsi:noNamespaceSchemaLocation="https://maven.apache.org/surefire/maven-surefire-plugin/xsd/surefire-test-report-3.0.xsd" version="3.0" name="com.careerit.iplstat.dao.IplStatDaoTest" time="0.876" tests="2" errors="0" skipped="0" failures="0">
  <properties>
[...]
</properties>
  <testcase name="teamCount" classname="com.careerit.iplstat.dao.IplStatDaoTest" time="0.805"/>
  <testcase name="teamStatTest" classname="com.careerit.iplstat.dao.IplStatDaoTest" time="0.064"/>
</testsuite>